


ARM Macro Assembler    Page 1 


    1 00000000         ; LR_4_4_UART and Controller RST
    2 00000000                 area             stack, noinit, readwrite
    3 00000000                 space            0x400
    4 00000400         stack_top
    5 00000400                 area             reset, data, readonly
    6 00000000                 area             program,code,readonly
    7 00000000 00000000        dcd              stack_top
    8 00000004 00000000        dcd              start
    9 00000008                 entry
   10 00000008         start
   11 00000008 F000 F803       bl               pp1
   12 0000000C         m
   13 0000000C F000 F823       bl               pp2
   14 00000010         ; bl   PP3
   15 00000010 E7FC            b                m
   16 00000012         pp1
   17 00000012 4916            ldr              r1,=0x40020000 ; BazAdr_RST_CLK
                                                            
   18 00000014 4F16            ldr              r7,=0x08200050 ; PER_
   19 00000016 61CF            str              r7,[r1, #0x1c] ;_CLOCK 
   20 00000018 F04F 7780       ldr              r7,=0x1000000 ; uart1_
   21 0000001C 628F            str              r7,[r1, #0x28] ;_CLOC 
   22 0000001E 4A15            ldr              r2,=0x400a8000 ;bazAdr_PortA
   23 00000020 F04F 07FF       mov              r7, #0xff   ;
   24 00000024 6057            str              r7, [r2,#0x04] ; OE
   25 00000026 60D7            str              r7, [r2,#0x0c] ;ANALOG
   26 00000028 F24C 0700       movw             r7, #0xc000 ;
   27 0000002C 6097            str              r7, [r2,#0x08] ; FUNC
   28 0000002E F64A 27AA       movw             r7, #0xaaaa ; 
   29 00000032 6197            str              r7, [r2,#0x18] ;PWR 
   30 00000034 4B10            ldr              r3,=0x40030000 ;BazAdrUart1
   31 00000036 F04F 0701       mov              r7, #0x01   ;
   32 0000003A 625F            str              r7,[r3, #0x24] ; IBRD 
   33 0000003C F04F 0700       mov              r7, #0x0    ;
   34 00000040 629F            str              r7,[r3, #0x28] ;FBRD
   35 00000042 F04F 0762       mov              r7, #0x62   ; 
   36 00000046 62DF            str              r7,[r3,#0x2c ] ; LCR_H
   37 00000048 F240 1701       movw             r7, #0x0101 ;
   38 0000004C 631F            str              r7,[r3, #0x30] ;CR 
   39 0000004E F04F 0451       mov              r4, #0x51   ; data
   40 00000052 601C            str              r4,[r3]     ; DR
   41 00000054 4770            bx               lr
   42 00000056 F105 0501 
                       pp2     add              r5, #1      ; counter
   43 0000005A         
   44 0000005A 6015            str              r5,[r2]     ; 
   45 0000005C F005 067F       and              r6, r5, #0x07f
   46 00000060 F096 0600       eors             r6, #0
   47 00000064 BF08 601C       streq            r4, [r3]
   48 00000068         pp3
   49 00000068 4770            bx               lr
   50 0000006A                 END
              00 00 40020000 
              08200050 
              400A8000 
              40030000 
Command Line: --debug --xref --diag_suppress=9931 --cpu=Cortex-M3 --apcs=interw
ork --depend=.\objects\lab5.d -o.\objects\lab5.o -I.\RTE\_Target_1 -IC:\Keil_v5
\ARM\PACK\Keil\MDR1986BExx\1.4\Libraries\CMSIS\CM3\DeviceSupport\MDR32F9Qx\inc 



ARM Macro Assembler    Page 2 


-IC:\Keil_v5\ARM\CMSIS\Include --predefine="__EVAL SETA 1" --predefine="__UVISI
ON_VERSION SETA 526" --predefine="USE_MDR32F9Q2_Rev1 SETA 1" --list=.\listings\
lab5.lst lab5.s



ARM Macro Assembler    Page 1 Alphabetic symbol ordering
Relocatable symbols

stack 00000000

Symbol: stack
   Definitions
      At line 2 in file lab5.s
   Uses
      None
Comment: stack unused
stack_top 00000400

Symbol: stack_top
   Definitions
      At line 4 in file lab5.s
   Uses
      At line 7 in file lab5.s
Comment: stack_top used once
2 symbols



ARM Macro Assembler    Page 1 Alphabetic symbol ordering
Relocatable symbols

reset 00000000

Symbol: reset
   Definitions
      At line 5 in file lab5.s
   Uses
      None
Comment: reset unused
1 symbol



ARM Macro Assembler    Page 1 Alphabetic symbol ordering
Relocatable symbols

m 0000000C

Symbol: m
   Definitions
      At line 12 in file lab5.s
   Uses
      At line 15 in file lab5.s
Comment: m used once
pp1 00000012

Symbol: pp1
   Definitions
      At line 16 in file lab5.s
   Uses
      At line 11 in file lab5.s
Comment: pp1 used once
pp2 00000056

Symbol: pp2
   Definitions
      At line 42 in file lab5.s
   Uses
      At line 13 in file lab5.s
Comment: pp2 used once
pp3 00000068

Symbol: pp3
   Definitions
      At line 48 in file lab5.s
   Uses
      None
Comment: pp3 unused
program 00000000

Symbol: program
   Definitions
      At line 6 in file lab5.s
   Uses
      None
Comment: program unused
start 00000008

Symbol: start
   Definitions
      At line 10 in file lab5.s
   Uses
      At line 8 in file lab5.s
Comment: start used once
6 symbols
344 symbols in table
