Flow report for KP_8
Sat Mar 23 13:04:01 2024
Quartus II Version 8.1 Build 163 10/28/2008 SJ Web Edition


---------------------
; Table of Contents ;
---------------------
  1. Legal Notice
  2. Flow Summary
  3. Flow Settings
  4. Flow Non-Default Global Settings
  5. Flow Elapsed Time
  6. Flow OS Summary
  7. Flow Log



----------------
; Legal Notice ;
----------------
Copyright (C) 1991-2008 Altera Corporation
Your use of Altera Corporation's design tools, logic functions 
and other software and tools, and its AMPP partner logic 
functions, and any output files from any of the foregoing 
(including device programming or simulation files), and any 
associated documentation or information are expressly subject 
to the terms and conditions of the Altera Program License 
Subscription Agreement, Altera MegaCore Function License 
Agreement, or other applicable license agreement, including, 
without limitation, that your use is for the sole purpose of 
programming logic devices manufactured by Altera and sold by 
Altera or its authorized distributors.  Please refer to the 
applicable agreement for further details.



+-------------------------------------------------------------------+
; Flow Summary                                                      ;
+-------------------------+-----------------------------------------+
; Flow Status             ; Successful - Sat Mar 23 13:04:01 2024   ;
; Quartus II Version      ; 8.1 Build 163 10/28/2008 SJ Web Edition ;
; Revision Name           ; KP_8                                    ;
; Top-level Entity Name   ; cpu                                     ;
; Family                  ; ACEX1K                                  ;
; Met timing requirements ; No                                      ;
; Total logic elements    ; 303 / 576 ( 53 % )                      ;
; Total pins              ; 55 / 66 ( 83 % )                        ;
; Total memory bits       ; 4,224 / 12,288 ( 34 % )                 ;
; Total PLLs              ; 0 / 1 ( 0 % )                           ;
; Device                  ; EP1K10TC100-1                           ;
; Timing Models           ; Final                                   ;
+-------------------------+-----------------------------------------+


+-----------------------------------------+
; Flow Settings                           ;
+-------------------+---------------------+
; Option            ; Setting             ;
+-------------------+---------------------+
; Start date & time ; 03/23/2024 13:03:54 ;
; Main task         ; Compilation         ;
; Revision Name     ; KP_8                ;
+-------------------+---------------------+


+--------------------------------------------------------------------------------------------------------------------+
; Flow Non-Default Global Settings                                                                                   ;
+------------------------------------+--------------------------------+---------------+-------------+----------------+
; Assignment Name                    ; Value                          ; Default Value ; Entity Name ; Section Id     ;
+------------------------------------+--------------------------------+---------------+-------------+----------------+
; COMPILER_SIGNATURE_ID              ; 39908803013047.171118823416232 ; --            ; --          ; --             ;
; FITTER_EFFORT                      ; Standard Fit                   ; Auto Fit      ; --          ; --             ;
; IP_TOOL_NAME                       ; LPM_ROM                        ; --            ; --          ; --             ;
; IP_TOOL_NAME                       ; LPM_RAM_DQ                     ; --            ; --          ; --             ;
; IP_TOOL_VERSION                    ; 8.1                            ; --            ; --          ; --             ;
; IP_TOOL_VERSION                    ; 8.1                            ; --            ; --          ; --             ;
; MISC_FILE                          ; lpm_rom0.bsf                   ; --            ; --          ; --             ;
; MISC_FILE                          ; lpm_rom0_bb.v                  ; --            ; --          ; --             ;
; MISC_FILE                          ; lpm_ram_dq0.bsf                ; --            ; --          ; --             ;
; MISC_FILE                          ; lpm_ram_dq0_bb.v               ; --            ; --          ; --             ;
; OPTIMIZE_HOLD_TIMING               ; IO Paths and Minimum TPD Paths ; --            ; --          ; --             ;
; TOP_LEVEL_ENTITY                   ; cpu                            ; KP_8          ; --          ; --             ;
; USE_GENERATED_PHYSICAL_CONSTRAINTS ; Off                            ; --            ; --          ; eda_blast_fpga ;
+------------------------------------+--------------------------------+---------------+-------------+----------------+


+-----------------------------------------------------------------------------------------------------------------------------+
; Flow Elapsed Time                                                                                                           ;
+-------------------------+--------------+-------------------------+---------------------+------------------------------------+
; Module Name             ; Elapsed Time ; Average Processors Used ; Peak Virtual Memory ; Total CPU Time (on all processors) ;
+-------------------------+--------------+-------------------------+---------------------+------------------------------------+
; Analysis & Synthesis    ; 00:00:02     ; 1.0                     ; 227 MB              ; 00:00:02                           ;
; Fitter                  ; 00:00:02     ; 1.0                     ; 223 MB              ; 00:00:02                           ;
; Assembler               ; 00:00:00     ; 1.0                     ; 207 MB              ; 00:00:00                           ;
; Classic Timing Analyzer ; 00:00:00     ; 1.0                     ; 178 MB              ; 00:00:00                           ;
; Total                   ; 00:00:04     ; --                      ; --                  ; 00:00:04                           ;
+-------------------------+--------------+-------------------------+---------------------+------------------------------------+


+------------------------------------------------------------------------------------------+
; Flow OS Summary                                                                          ;
+-------------------------+------------------+---------------+------------+----------------+
; Module Name             ; Machine Hostname ; OS Name       ; OS Version ; Processor type ;
+-------------------------+------------------+---------------+------------+----------------+
; Analysis & Synthesis    ; DESKTOP-H3QPTUP  ; Windows Vista ; 6.2        ; x86_64         ;
; Fitter                  ; DESKTOP-H3QPTUP  ; Windows Vista ; 6.2        ; x86_64         ;
; Assembler               ; DESKTOP-H3QPTUP  ; Windows Vista ; 6.2        ; x86_64         ;
; Classic Timing Analyzer ; DESKTOP-H3QPTUP  ; Windows Vista ; 6.2        ; x86_64         ;
+-------------------------+------------------+---------------+------------+----------------+


------------
; Flow Log ;
------------
quartus_map --read_settings_files=on --write_settings_files=off KP_8 -c KP_8
quartus_fit --read_settings_files=off --write_settings_files=off KP_8 -c KP_8
quartus_asm --read_settings_files=off --write_settings_files=off KP_8 -c KP_8
quartus_tan --read_settings_files=off --write_settings_files=off KP_8 -c KP_8



