


ARM Macro Assembler    Page 1 


    1 00000000         ;LR_PORTS
    2 00000000                 area             stack, noinit, readwrite
    3 00000000                 space            0x400
    4 00000400         stack_top
    5 00000400                 area             reset, data, readonly
    6 00000000                 area             program,code,readonly
    7 00000000 00000000        dcd              stack_top
    8 00000004 00000000        dcd              start
    9 00000008                 entry
   10 00000008         start
   11 00000008 F000 F805       bl               pp1
   12 0000000C         m
   13 0000000C F000 F82F       bl               pp2
   14 00000010 F000 F846       bl               PP3
   15 00000014 E7FA            b                m
   16 00000016         pp1
   17 00000016 483A            ldr              r0, =0x400a8000 ;baza A 
   18 00000018 493A            ldr              r1, =0x400b0000 ;baza B 
   19 0000001A 4A3B            ldr              r2, =0x400b8000 ;baza C
   20 0000001C 4B3B            ldr              r3, =0x400c8000 ;baza E
   21 0000001E 4C3C            ldr              r4, =0x40020000 ;baza RST_CLK 
   22 00000020 4D3C            ldr              r5, = tab   ;baza tab
   23 00000022 4E3D            ldr              r6, =0x40090000 ;baza DAC 
   24 00000024         
   25 00000024 4F3D            ldr              r7, =0x0be60010 ; _PER_CLOCK_ 
   26 00000026 61E7            str              r7,[r4,#0x1c] ;
   27 00000028         
   28 00000028 F04F 07FF       mov              r7, #0xff   ;         _PortA_  
                                                            
   29 0000002C 6047            str              r7, [r0,#0x04] ;OE 
   30 0000002E 60C7            str              r7, [r0,#0x0c] ;Analog 
   31 00000030 F245 5755       mov              r7, #0x5555 ; 
   32 00000034 6187            str              r7, [r0,#0x18] ;PWR
   33 00000036         
   34 00000036 F04F 0700       mov              r7, #0x00   ;    _Port B_ 
   35 0000003A 604F            str              r7, [r1,#0x04] ;OE
   36 0000003C F04F 07FF       mov              r7, #0xff   ;
   37 00000040 60CF            str              r7, [r1,#0x0c] ;Analog
   38 00000042         
   39 00000042 F04F 0703       mov              r7, #0x03   ;        _Port C_  
                                                            
   40 00000046 6055            str              r5, [r2,#0x04] ;OE
   41 00000048 F04F 0707       mov              r7, #0x07   ;
   42 0000004C 60D7            str              r7, [r2,#0x0c] ;Analog 
   43 0000004E F04F 0755       mov              r7, #0x55   ; 
   44 00000052 6197            str              r7, [r2,#0x18] ;PWR
   45 00000054 F04F 0701       mov              r7, #0x01   ;   _Port E_
   46 00000058 605F            str              r7, [r3,#0x04] ;OE
   47 0000005A F240 07FE       movw             r7, #0xfe   ; 
   48 0000005E 60DF            str              r7, [r3,#0x0c] ;Analog 
   49 00000060 F245 5754       movw             r7, #0x5554 ; 
   50 00000064 619F            str              r7, [r3,#0x18] ;PWR
   51 00000066         
   52 00000066 F04F 0708       mov              r7, #0x08   ; _DAC_
   53 0000006A 6037            str              r7, [r6]    ; cfg..
   54 0000006C 4770            bx               lr
   55 0000006E         pp2
   56 0000006E 780F            ldrb             r7, [r1]    ;  data PortB
   57 00000070 F017 0F40       tsts             r7, #0x40   ;maska bit6-right



ARM Macro Assembler    Page 2 


   58 00000074 BF08 F00C 
              0CFD             andeq            r12,  #0xfd ;bit1=0
   59 0000007A F017 0F20       tsts             r7, #0x20   ;maska bit5-up
   60 0000007E BF08 F04C 
              0C01             orreq            r12, #0x01  ;bit0=1
   61 00000084 781F            ldrb             r7, [r3]    ;data PortE
   62 00000086 F017 0F02       tsts             r7,  #0x02  ;maska bit1-down
   63 0000008A BF08 F00C 
              0CFE             andeq            r12, #0xfe  ;bit0=0
   64 00000090 F017 0F08       tsts             r7,  #0x08  ;maska bit3-left
   65 00000094 BF08 F04C 
              0C02             orreq            r12, #0x02  ;bit1=1
   66 0000009A F8C2 C000       str              r12, [r2]   ;  ou t vd1, vd2
   67 0000009E 4770            bx               lr
   68 000000A0         PP3
   69 000000A0 F01C 0F01       tsts             r12,  #0x01
   70 000000A4 BF0C F10B 
              0B01             addeq            r11,  #1    ; counter
   71 000000AA F10B 3BFF       addne            r11,  #-1
   72 000000AE EA4F 074B       mov              r7, r11, lsl #1
   73 000000B2 F007 071F       and              r7, #0x1f   ;massiv-index  
   74 000000B6 442F            add              r7, r5      ; adr in taab
   75 000000B8 F8B7 A000       ldrh             r10, [r7]   ; f(n)
   76 000000BC F01C 0F02       tsts             r12,  #0x02
   77 000000C0 BF07 F8C0 
              A000             streq            r10, [r0]
   78 000000C6 F8C6 A008       streq            r10, [r6,#0x08]
   79 000000CA F8C0 B000       strne            r11, [r0]
   80 000000CE F8C6 B008       strne            r11, [r6,#0x08]
   81 000000D2 F04F 09FF       mov              r9, #0xff
   82 000000D6 F1B9 0901 
                       tau     subs             r9, #1
   83 000000DA D5FC            bpl              tau
   84 000000DC 4770            bx               lr
   85 000000DE E8 03 66 
              05 AC 06 
              84 07    tab     dcw              1000,1382,1708,1924
   86 000000E6 D0 07 84 
              07 AC 06 
              66 05            dcw              2000,1924,1708,1382
   87 000000EE E8 03 6A 
              02 24 01 
              4C 00            dcw              1000,618,292,76
   88 000000F6 00 00 4C 
              00 24 01 
              6A 02            dcw              0,76,292,618
   89 000000FE                 END
              00 00 400A8000 
              400B0000 
              400B8000 
              400C8000 
              40020000 
              00000000 
              40090000 
              0BE60010 
Command Line: --debug --xref --diag_suppress=9931 --cpu=Cortex-M3 --apcs=interw
ork --depend=.\objects\1.d -o.\objects\1.o -I.\RTE\_Target_1 -IC:\Keil_v5\ARM\P
ACK\Keil\MDR1986BExx\1.4\Libraries\CMSIS\CM3\DeviceSupport\MDR32F9Qx\inc -IC:\K
eil_v5\ARM\CMSIS\Include --predefine="__EVAL SETA 1" --predefine="__UVISION_VER



ARM Macro Assembler    Page 3 


SION SETA 526" --predefine="USE_MDR32F9Q2_Rev1 SETA 1" --list=.\listings\1.lst 
1.s



ARM Macro Assembler    Page 1 Alphabetic symbol ordering
Relocatable symbols

stack 00000000

Symbol: stack
   Definitions
      At line 2 in file 1.s
   Uses
      None
Comment: stack unused
stack_top 00000400

Symbol: stack_top
   Definitions
      At line 4 in file 1.s
   Uses
      At line 7 in file 1.s
Comment: stack_top used once
2 symbols



ARM Macro Assembler    Page 1 Alphabetic symbol ordering
Relocatable symbols

reset 00000000

Symbol: reset
   Definitions
      At line 5 in file 1.s
   Uses
      None
Comment: reset unused
1 symbol



ARM Macro Assembler    Page 1 Alphabetic symbol ordering
Relocatable symbols

PP3 000000A0

Symbol: PP3
   Definitions
      At line 68 in file 1.s
   Uses
      At line 14 in file 1.s
Comment: PP3 used once
m 0000000C

Symbol: m
   Definitions
      At line 12 in file 1.s
   Uses
      At line 15 in file 1.s
Comment: m used once
pp1 00000016

Symbol: pp1
   Definitions
      At line 16 in file 1.s
   Uses
      At line 11 in file 1.s
Comment: pp1 used once
pp2 0000006E

Symbol: pp2
   Definitions
      At line 55 in file 1.s
   Uses
      At line 13 in file 1.s
Comment: pp2 used once
program 00000000

Symbol: program
   Definitions
      At line 6 in file 1.s
   Uses
      None
Comment: program unused
start 00000008

Symbol: start
   Definitions
      At line 10 in file 1.s
   Uses
      At line 8 in file 1.s
Comment: start used once
tab 000000DE

Symbol: tab
   Definitions
      At line 85 in file 1.s
   Uses
      At line 22 in file 1.s
Comment: tab used once
tau 000000D6

Symbol: tau



ARM Macro Assembler    Page 2 Alphabetic symbol ordering
Relocatable symbols

   Definitions
      At line 82 in file 1.s
   Uses
      At line 83 in file 1.s
Comment: tau used once
8 symbols
346 symbols in table
