


ARM Macro Assembler    Page 1 


    1 00000000         ;  LR_1__ports
    2 00000000                 area             stack, noinit, readwrite
    3 00000000                 space            0x400
    4 00000400         stack_top
    5 00000400                 area             reset, data, readonly
    6 00000000                 area             program,code,readonly
    7 00000000 00000000        dcd              stack_top
    8 00000004 00000000        dcd              start
    9 00000008                 entry
   10 00000008         start
   11 00000008 F000 F803       bl               pp1
   12 0000000C         m
   13 0000000C         ;7bl   pp2
   14 0000000C F000 F843       bl               pp3
   15 00000010 E7FC            b                m
   16 00000012         pp1
   17 00000012 483A            ldr              r0, =0x400a8000 ;baza A 
   18 00000014 493A            ldr              r1, =0x400b0000 ;baza B 
   19 00000016 4A3B            ldr              r2, =0x400b8000 ;baza C
   20 00000018 4B3B            ldr              r3, =0x400c8000 ;baza E
   21 0000001A 4C3C            ldr              r4, =0x40020000 ;baza RST_CLK 
   22 0000001C 4E3C            ldr              r6, =0x40090000 ;baza DAC 
   23 0000001E         
   24 0000001E 4F3D            ldr              r7, =0x0be60010 ; _PER_CLOCK_ 
   25 00000020 61E7            str              r7,[r4,#0x1c] ;
   26 00000022         
   27 00000022 F04F 07FF       mov              r7, #0xff   ;         _PortA_  
                                                            
   28 00000026 6047            str              r7, [r0,#0x04] ;OE 
   29 00000028 60C7            str              r7, [r0,#0x0c] ;Analog 
   30 0000002A F245 5755       mov              r7, #0x5555 ; 
   31 0000002E 6187            str              r7, [r0,#0x18] ;PWR
   32 00000030         
   33 00000030 F04F 0700       mov              r7, #0x00   ;    _Port B_ 
   34 00000034 604F            str              r7, [r1,#0x04] ;OE
   35 00000036 F04F 07FF       mov              r7, #0xff   ;
   36 0000003A 60CF            str              r7, [r1,#0x0c] ;Analog
   37 0000003C         
   38 0000003C F04F 0703       mov              r7, #0x03   ;        _Port C_  
                                                            
   39 00000040 6055            str              r5, [r2,#0x04] ;OE
   40 00000042 F04F 0707       mov              r7, #0x07   ;
   41 00000046 60D7            str              r7, [r2,#0x0c] ;Analog 
   42 00000048 F04F 0755       mov              r7, #0x55   ; 
   43 0000004C 6197            str              r7, [r2,#0x18] ;PWR
   44 0000004E F04F 0701       mov              r7, #0x01   ;   _Port E_
   45 00000052 605F            str              r7, [r3,#0x04] ;OE
   46 00000054 F240 07FE       movw             r7, #0xfe   ; 
   47 00000058 60DF            str              r7, [r3,#0x0c] ;Analog 
   48 0000005A F245 5754       movw             r7, #0x5554 ; 
   49 0000005E 619F            str              r7, [r3,#0x18] ;PWR
   50 00000060         
   51 00000060 F04F 0708       mov              r7, #0x08   ; _DAC_
   52 00000064 6037            str              r7, [r6]    ; cfg..
   53 00000066 4770            bx               lr
   54 00000068         pp2
   55 00000068 F04F 0A01       mov              r10, #0x1
   56 0000006C F8C0 A000       str              r10, [r0]
   57 00000070         m1



ARM Macro Assembler    Page 2 


   58 00000070 F000 F83E       bl               tau
   59 00000074 F08A 0A02       eor              r10, #0x2
   60 00000078 F8C0 A000       str              r10, [r0]
   61 0000007C F000 F838       bl               tau
   62 00000080 F08A 0A01       eor              r10, #0x1
   63 00000084 F8C0 A000       str              r10, [r0]
   64 00000088 F000 F832       bl               tau
   65 0000008C F08A 0A04       eor              r10, #0x4
   66 00000090 F8C0 A000       str              r10, [r0]
   67 00000094 E7EC            b                m1
   68 00000096         
   69 00000096         pp3
   70 00000096 B500            push             {lr}
   71 00000098 F000 F809       bl               point
   72 0000009C F000 F813       bl               line
   73 000000A0 F000 F805       bl               point
   74 000000A4 F000 F824       bl               tau
   75 000000A8 F85D EB04       pop              {lr}
   76 000000AC 4770            bx               lr
   77 000000AE         
   78 000000AE         point
   79 000000AE B500            push             {lr}
   80 000000B0 F000 F817       bl               invertBit
   81 000000B4 F000 F81C       bl               tau
   82 000000B8 F000 F813       bl               invertBit
   83 000000BC F000 F818       bl               tau
   84 000000C0 F85D EB04       pop              {lr}
   85 000000C4 4770            bx               lr
   86 000000C6         
   87 000000C6         line
   88 000000C6 B500            push             {lr}
   89 000000C8 F000 F80B       bl               invertBit
   90 000000CC F000 F810       bl               tau
   91 000000D0 F000 F80E       bl               tau
   92 000000D4 F000 F805       bl               invertBit
   93 000000D8 F000 F80A       bl               tau
   94 000000DC F85D EB04       pop              {lr}
   95 000000E0 4770            bx               lr
   96 000000E2         invertBit
   97 000000E2 F8D0 A000       ldr              r10, [r0]
   98 000000E6 F08A 0A01       eor              r10, #0x1
   99 000000EA F8C0 A000       str              r10, [r0]
  100 000000EE 4770            bx               lr
  101 000000F0         
  102 000000F0         tau
  103 000000F0 F644 6920       mov              r9, #20000
  104 000000F4         tau1
  105 000000F4 F1B9 0901       subs             r9, #1
  106 000000F8 D5FC            bpl              tau1
  107 000000FA 4770            bx               lr
  108 000000FC         
  109 000000FC                 end
              400A8000 
              400B0000 
              400B8000 
              400C8000 
              40020000 
              40090000 
              0BE60010 



ARM Macro Assembler    Page 3 


Command Line: --debug --xref --diag_suppress=9931 --cpu=Cortex-M3 --apcs=interw
ork --depend=.\objects\1.d -o.\objects\1.o -I.\RTE\_Target_1 -IC:\Keil_v5\ARM\P
ACK\Keil\MDR1986BExx\1.4\Libraries\CMSIS\CM3\DeviceSupport\MDR32F9Qx\inc -IC:\K
eil_v5\ARM\CMSIS\Include --predefine="__EVAL SETA 1" --predefine="__UVISION_VER
SION SETA 526" --predefine="USE_MDR32F9Q2_Rev1 SETA 1" --list=.\listings\1.lst 
1.s



ARM Macro Assembler    Page 1 Alphabetic symbol ordering
Relocatable symbols

stack 00000000

Symbol: stack
   Definitions
      At line 2 in file 1.s
   Uses
      None
Comment: stack unused
stack_top 00000400

Symbol: stack_top
   Definitions
      At line 4 in file 1.s
   Uses
      At line 7 in file 1.s
Comment: stack_top used once
2 symbols



ARM Macro Assembler    Page 1 Alphabetic symbol ordering
Relocatable symbols

reset 00000000

Symbol: reset
   Definitions
      At line 5 in file 1.s
   Uses
      None
Comment: reset unused
1 symbol



ARM Macro Assembler    Page 1 Alphabetic symbol ordering
Relocatable symbols

invertBit 000000E2

Symbol: invertBit
   Definitions
      At line 96 in file 1.s
   Uses
      At line 80 in file 1.s
      At line 82 in file 1.s
      At line 89 in file 1.s
      At line 92 in file 1.s

line 000000C6

Symbol: line
   Definitions
      At line 87 in file 1.s
   Uses
      At line 72 in file 1.s
Comment: line used once
m 0000000C

Symbol: m
   Definitions
      At line 12 in file 1.s
   Uses
      At line 15 in file 1.s
Comment: m used once
m1 00000070

Symbol: m1
   Definitions
      At line 57 in file 1.s
   Uses
      At line 67 in file 1.s
Comment: m1 used once
point 000000AE

Symbol: point
   Definitions
      At line 78 in file 1.s
   Uses
      At line 71 in file 1.s
      At line 73 in file 1.s

pp1 00000012

Symbol: pp1
   Definitions
      At line 16 in file 1.s
   Uses
      At line 11 in file 1.s
Comment: pp1 used once
pp2 00000068

Symbol: pp2
   Definitions
      At line 54 in file 1.s
   Uses
      None



ARM Macro Assembler    Page 2 Alphabetic symbol ordering
Relocatable symbols

Comment: pp2 unused
pp3 00000096

Symbol: pp3
   Definitions
      At line 69 in file 1.s
   Uses
      At line 14 in file 1.s
Comment: pp3 used once
program 00000000

Symbol: program
   Definitions
      At line 6 in file 1.s
   Uses
      None
Comment: program unused
start 00000008

Symbol: start
   Definitions
      At line 10 in file 1.s
   Uses
      At line 8 in file 1.s
Comment: start used once
tau 000000F0

Symbol: tau
   Definitions
      At line 102 in file 1.s
   Uses
      At line 58 in file 1.s
      At line 61 in file 1.s
      At line 64 in file 1.s
      At line 74 in file 1.s
      At line 81 in file 1.s
      At line 83 in file 1.s
      At line 90 in file 1.s
      At line 91 in file 1.s
      At line 93 in file 1.s

tau1 000000F4

Symbol: tau1
   Definitions
      At line 104 in file 1.s
   Uses
      At line 106 in file 1.s
Comment: tau1 used once
12 symbols
350 symbols in table
