


ARM Macro Assembler    Page 1 


    1 00000000         ;LR_2_3_
    2 00000000                 area             stack, noinit, readwrite ;1
    3 00000000                 space            0x400       ;2
    4 00000400         stack_top                            ;3
    5 00000400                 area             reset, data, readonly ;4
    6 00000000 00000000        dcd              stack_top   ;5
    7 00000004 00000000        dcd              start       ;6
    8 00000008                 area             program,code,readonly ;7
    9 00000000                 entry                        ;8
   10 00000000         start                                ;9
   11 00000000 F000 F806       bl               pp1         ;10
   12 00000004         ; bl  pp2  ;11
   13 00000004 F000 F845       bl               pp3         ;12
   14 00000008 F105 0501 
                       m       add              r5, #0x01   ;13 N(t)
   15 0000000C 6015            str              r5,[r2]     ;14
   16 0000000E E7FB            b                m           ;15
   17 00000010         pp1                                  ;16
   18 00000010 4937            ldr              r1,=0x4002001c ;17_per_
   19 00000012 4838            ldr              r0,=0x0a24c010 ;18_clock__
   20 00000014 6008            str              r0,[r1]     ;19
   21 00000016 4A38            ldr              r2,=0x400a8000 ;20_PortA__
   22 00000018 F04F 00FF       mov              r0, #0xff   ;21 
   23 0000001C 6050            str              r0, [r2,#0x04] ;22_OE
   24 0000001E 60D0            str              r0, [r2,#0x0c] ;23_ANALOG
   25 00000020 F240 0000       movw             r0, #0x00   ;24 
   26 00000024 6090            str              r0, [r2,#0x08] ;25_FUNC
   27 00000026 F64A 20AA       movw             r0, #0xaaaa ;26_PWR   
   28 0000002A 6190            str              r0, [r2,#0x18] ;27   
   29 0000002C 4B33            ldr              r3,=0x400c8000 ;28_Port_E__ 
   30 0000002E F04F 0001       mov              r0, #0x01   ;29 
   31 00000032 6058            str              r0, [r3,#0x04] ;320OE
   32 00000034 F04F 000A       mov              r0, #0x0a   ;27
   33 00000038 60D8            str              r0, [r3,#0x0c] ;28_ANALOG
   34 0000003A F04F 0044       mov              r0,  #0x44  ;29
   35 0000003E 6198            str              r0, [r3,#0x18] ;30_FUNC
   36 00000040 4C2F            ldr              r4,=0x40090000 ;31__DAC_
   37 00000042 F04F 0008       mov              r0, #0x08   ;32
   38 00000046 6020            str              r0,   [r4]  ;33
   39 00000048 4770            bx               lr          ;34
   40 0000004A         pp2
   41 0000004A 4D2E            ldr              r5, =0x40020024 ;35 TIM1_
   42 0000004C F04F 7080       ldr              r0, =0x01000000 ;36_CLOC
   43 00000050 6028            str              r0, [r5]    ;37
   44 00000052 4E2D            ldr              r6, =0x40070000 ;38_baz_addr_
   45 00000054 F24C 3050       mov              r0,  # 50000 ;39_Tim1
   46 00000058 6070            str              r0,[r6,  #0x04 ] ;40 PSG
   47 0000005A F240 0064       movw             r0,  #100   ;41
   48 0000005E 60B0            str              r0, [r6, #0x08] ;42 ARR
   49 00000060 F04F 0041       mov              r0, #0x41   ;43
   50 00000064 60F0            str              r0, [r6, #0x0c] ;44 CNTRL 
   51 00000066 F240 0028       movw             r0, #40     ;45 
   52 0000006A 6130            str              r0, [r6, #0x10] ;46 CCR1
   53 0000006C F240 0032       movw             r0, #50     ;47
   54 00000070 6170            str              r0, [r6, #0x14] ;48 CCR2
   55 00000072 F44F 6040       mov              r0, # 0x0c00 ;49
   56 00000076 6230            str              r0,[r6, #0x20] ;50 CH1_CNTRL
   57 00000078 F44F 6040       mov              r0, # 0x0c00 ;51
   58 0000007C 6270            str              r0,[r6, #0x24] ;52 CH2_CNTRL



ARM Macro Assembler    Page 2 


   59 0000007E F640 1009       movw             r0, # 0x909 ;53 
   60 00000082 6330            str              r0, [r6, #0x30] 
                                                            ;54 CH1_CNTRL1; 
   61 00000084         
   62 00000084 F640 1009       movw             r0, #0x909  ;55 
   63 00000088 6370            str              r0, [r6, #0x34] ;56 CH2_CNTRL1;
                                                            
   64 0000008A F240 20A8       movw             r0, #0x02a8 ;57
   65 0000008E 6090            str              r0,  [r2,#0x08] ;58_FUNC_port_A
                                                            
   66 00000090 4770            bx               lr          ;59
   67 00000092         pp3
   68 00000092 4D1C            ldr              r5, =0x40020024 ;60  TIM1_
   69 00000094 F04F 7040       ldr              r0, =0x03000000 ;61 _CLOC
   70 00000098 6028            str              r0, [r5]    ;62 
   71 0000009A 4E1B            ldr              r6, =0x40070000 ;63 _baz_addr_
   72 0000009C F04F 0000       mov              r0, # 0     ;64 _Tim1
   73 000000A0 6070            str              r0,[r6,#0x04 ] ;65  PSG
   74 000000A2 F240 107B       movw             r0, #379    ;66
   75 000000A6 60B0            str              r0, [r6, #0x08] ;67  ARR
   76 000000A8 F04F 0001       mov              r0, #0x01   ;68 
   77 000000AC 60F0            str              r0, [r6, #0x0c] ;69  CNTRL  
   78 000000AE 4F17            ldr              r7, =0x40078000 ;70 _baz_addr_
   79 000000B0 F04F 0000       mov              r0, # 0     ;71 _Tim2
   80 000000B4 6078            str              r0,[r7,#0x04 ] ;72  PSG
   81 000000B6 F240 204D       movw             r0, #589    ;73 
   82 000000BA 60B8            str              r0, [r7, #0x08] ;74  ARR
   83 000000BC F04F 0001       mov              r0, #0x01   ;75 
   84 000000C0 60F8            str              r0, [r7, #0x0c] ;76  CNTRL
   85 000000C2 F240 0044       movw             r0, #68     ;77  
   86 000000C6 6130            str              r0, [r6, #0x10] ;78  CCR1
   87 000000C8 F240 1052       movw             r0, #338    ;79 
   88 000000CC 6178            str              r0, [r7, #0x14] ;80  CCR2
   89 000000CE F44F 6040       mov              r0, # 0x0c00 ;81 
   90 000000D2 6230            str              r0,[r6, #0x20] ;82  CH1_CNTRL
   91 000000D4 F44F 6040       mov              r0, # 0x0c00 ;83 
   92 000000D8 6278            str              r0,[r7, #0x24] ;84  CH2_CNTRL
   93 000000DA F640 1009       movw             r0, # 0x909 ;85  
   94 000000DE 6330            str              r0, [r6, #0x30] 
                                                            ;86  CH1_CNTRL1;
   95 000000E0 F640 1009       movw             r0, #0x909  ;87  
   96 000000E4 6378            str              r0, [r7, #0x34] 
                                                            ;88  CH2_CNTRL1;
   97 000000E6 F240 30E8       movw             r0, #0x03e8 ;89  
   98 000000EA 6090            str              r0, [r2,#0x08] ;90 _FUNC_port_A
                                                            
   99 000000EC 4770            bx               lr          ;91
  100 000000EE                 END                          ;92 
              00 00 4002001C 
              0A24C010 
              400A8000 
              400C8000 
              40090000 
              40020024 
              40070000 
              40078000 
Command Line: --debug --xref --diag_suppress=9931 --cpu=Cortex-M3 --apcs=interw
ork --depend=.\objects\lab1.d -o.\objects\lab1.o -I.\RTE\_Target_1 -IC:\Keil_v5
\ARM\PACK\Keil\MDR1986BExx\1.4\Libraries\CMSIS\CM3\DeviceSupport\MDR32F9Qx\inc 



ARM Macro Assembler    Page 3 


-IC:\Keil_v5\ARM\CMSIS\Include --predefine="__EVAL SETA 1" --predefine="__UVISI
ON_VERSION SETA 526" --predefine="USE_MDR32F9Q2_Rev1 SETA 1" --list=.\listings\
lab1.lst lab1.s



ARM Macro Assembler    Page 1 Alphabetic symbol ordering
Relocatable symbols

stack 00000000

Symbol: stack
   Definitions
      At line 2 in file lab1.s
   Uses
      None
Comment: stack unused
stack_top 00000400

Symbol: stack_top
   Definitions
      At line 4 in file lab1.s
   Uses
      At line 6 in file lab1.s
Comment: stack_top used once
2 symbols



ARM Macro Assembler    Page 1 Alphabetic symbol ordering
Relocatable symbols

reset 00000000

Symbol: reset
   Definitions
      At line 5 in file lab1.s
   Uses
      None
Comment: reset unused
1 symbol



ARM Macro Assembler    Page 1 Alphabetic symbol ordering
Relocatable symbols

m 00000008

Symbol: m
   Definitions
      At line 14 in file lab1.s
   Uses
      At line 16 in file lab1.s
Comment: m used once
pp1 00000010

Symbol: pp1
   Definitions
      At line 17 in file lab1.s
   Uses
      At line 11 in file lab1.s
Comment: pp1 used once
pp2 0000004A

Symbol: pp2
   Definitions
      At line 40 in file lab1.s
   Uses
      None
Comment: pp2 unused
pp3 00000092

Symbol: pp3
   Definitions
      At line 67 in file lab1.s
   Uses
      At line 13 in file lab1.s
Comment: pp3 used once
program 00000000

Symbol: program
   Definitions
      At line 8 in file lab1.s
   Uses
      None
Comment: program unused
start 00000000

Symbol: start
   Definitions
      At line 10 in file lab1.s
   Uses
      At line 7 in file lab1.s
Comment: start used once
6 symbols
344 symbols in table
