


ARM Macro Assembler    Page 1 


    1 00000000         ;LR_4_ SPI 1 
    2 00000000 00000100 
                       STACK_TOP
                               EQU              0x00000100  ;2  
    3 00000000                 PRESERVE8                    ;3
    4 00000000                 THUMB                        ;4
    5 00000000                 AREA             RESET, CODE, READONLY ;5
    6 00000000 00000100        DCD              STACK_TOP   ;6
    7 00000004 00000000        DCD              Start       ;7
    8 00000008                 ENTRY                        ;8
    9 00000008         
   10 00000008         Start                                ;9
   11 00000008 4818            ldr              r0,=0x40020000 ;10
   12 0000000A 4B19            ldr              r3,=0x2AE00110 ;11 PER_
   13 0000000C 61C3            str              r3,[r0, #0x1c] ;12_CLOCK 
   14 0000000E 4B19            ldr              r3,=0x1000004 ;13 SSP_
   15 00000010 62C3            str              r3,[r0, #0x2C] ;14_CLOCK
   16 00000012         
   17 00000012 4819            ldr              r0,=0x400a8000 ;15 baz_adr_
   18 00000014 F04F 03FF       mov              r3, #0xff   ;16_PortA
   19 00000018 6043            str              r3, [r0,#0x04] ;17 OE
   20 0000001A 60C3            str              r3, [r0,#0x0c] ;18 ANALOG
   21 0000001C F240 0300       movw             r3, #0x0000 ;19
   22 00000020 6083            str              r3, [r0,#0x08] ;20 FUNC
   23 00000022 F64A 23AA       movw             r3, #0xaaaa ;21 
   24 00000026 6183            str              r3, [r0,#0x18] ;22PWR 
   25 00000028 4914            ldr              r1,=0x400e8000 ;23 baz_adr_
   26 0000002A F04F 03FF       mov              r3, #0xff   ;24_PortF
   27 0000002E 604B            str              r3, [r1,#0x04] ;25 OE
   28 00000030 60CB            str              r3, [r1,#0x0c] ;26 ANALOG
   29 00000032 F240 03AA       movw             r3, #0x0aa  ;27
   30 00000036 608B            str              r3, [r1,#0x08] ;28 FUNC 
   31 00000038 F64A 23AA       movw             r3, #0xaaaa ;29 
   32 0000003C 618B            str              r3, [r1,#0x18] ;30PWR
   33 0000003E         
   34 0000003E 4A10            ldr              r2,=0x40040000 ;31BazAdrSSP1
   35 00000040 F240 0307       movw             r3, #0x07   ;32 CR0
   36 00000044 6013            str              r3,[r2]     ;33 
   37 00000046 F04F 0302       mov              r3, #0x02   ;34
   38 0000004A 6053            str              r3,[r2, #0x04] ;35 CR1
   39 0000004C F04F 0302       mov              r3, #0x02   ;36
   40 00000050 6113            str              r3,[r2, #0x10] ;37 ?PSR
   41 00000052         
   42 00000052 F104 0401 
                       m       add              r4, #0x01   ;38 N(t)
   43 00000056 F004 040F       and              r4, #0x0f   ;39
   44 0000005A 6094            str              r4,[r2,#0x08] ;40
   45 0000005C F04F 0AA0       mov              r10, #0xa0  ;41 counter
   46 00000060 F1BA 0A01 
                       tau     subs             r10, #1     ;42
   47 00000064 F8C0 A000       str              r10,[r0]    ;43
   48 00000068 D5FA            bpl              tau         ;44
   49 0000006A E7F2            b                m           ;45
   50 0000006C                 END
              40020000 
              2AE00110 
              01000004 
              400A8000 
              400E8000 



ARM Macro Assembler    Page 2 


              40040000 
Command Line: --debug --xref --diag_suppress=9931 --cpu=Cortex-M3 --apcs=interw
ork --depend=.\objects\lab6.d -o.\objects\lab6.o -I.\RTE\_Target_1 -IC:\Keil_v5
\ARM\PACK\Keil\MDR1986BExx\1.4\Libraries\CMSIS\CM3\DeviceSupport\MDR32F9Qx\inc 
-IC:\Keil_v5\ARM\CMSIS\Include --predefine="__EVAL SETA 1" --predefine="__UVISI
ON_VERSION SETA 526" --predefine="USE_MDR32F9Q2_Rev1 SETA 1" --list=.\listings\
lab6.lst lab6.s



ARM Macro Assembler    Page 1 Alphabetic symbol ordering
Relocatable symbols

RESET 00000000

Symbol: RESET
   Definitions
      At line 5 in file lab6.s
   Uses
      None
Comment: RESET unused
Start 00000008

Symbol: Start
   Definitions
      At line 10 in file lab6.s
   Uses
      At line 7 in file lab6.s
Comment: Start used once
m 00000052

Symbol: m
   Definitions
      At line 42 in file lab6.s
   Uses
      At line 49 in file lab6.s
Comment: m used once
tau 00000060

Symbol: tau
   Definitions
      At line 46 in file lab6.s
   Uses
      At line 48 in file lab6.s
Comment: tau used once
4 symbols



ARM Macro Assembler    Page 1 Alphabetic symbol ordering
Absolute symbols

STACK_TOP 00000100

Symbol: STACK_TOP
   Definitions
      At line 2 in file lab6.s
   Uses
      At line 6 in file lab6.s
Comment: STACK_TOP used once
1 symbol
340 symbols in table
